<?xml version="1.0" encoding="UTF-8"?>
<Racine>
  <IdentificationFlux>
    <APPLIEME>NRA</APPLIEME>
    <NUMVERSIONAPPLIEME>0366</NUMVERSIONAPPLIEME>
    <TYPEFLUX>I</TYPEFLUX>
    <NATFLUX>I</NATFLUX>
    <DTCREAFLUX>2021-02-07</DTCREAFLUX>
    <HEUCREAFLUX>03:00:17.52</HEUCREAFLUX>
  </IdentificationFlux>
  <InfoDemandeRSA>
    <DonneesAdministratives>
    </DonneesAdministratives>
    <ModesContacts>
      <ADRELEC>test@beta.gouv.fr</ADRELEC>
      <AUTORUTIADRELEC>A</AUTORUTIADRELEC>
    </ModesContacts>
  </InfoDemandeRSA>
  <InfoDemandeRSA>
    <DonneesAdministratives>
    </DonneesAdministratives>
    <ModesContacts>
      <ADRELEC>test@beta.gouv.fr</ADRELEC>
      <AUTORUTIADRELEC>I</AUTORUTIADRELEC>
    </ModesContacts>
  </InfoDemandeRSA>
  <InfoDemandeRSA>
    <DonneesAdministratives>
    </DonneesAdministratives>
    <ModesContacts>
    </ModesContacts>
  </InfoDemandeRSA>
  <InfosFoyerRSA>
    <IdentificationRSA>
      <DemandeRSA>
        <DTDEMRSA>2021-02-06</DTDEMRSA>
      </DemandeRSA>
    </IdentificationRSA>
  </InfosFoyerRSA>
  <InfosFoyerRSA>
    <IdentificationRSA>
      <DemandeRSA>
        <DTDEMRSA>2021-02-06</DTDEMRSA>
      </DemandeRSA>
    </IdentificationRSA>
  </InfosFoyerRSA>
  <InfosFoyerRSA>
    <IdentificationRSA>
      <DemandeRSA>
        <DTDEMRSA>2021-01-06</DTDEMRSA>
      </DemandeRSA>
    </IdentificationRSA>
  </InfosFoyerRSA>
  <TransmissionFlux>
  </TransmissionFlux>
</Racine>
